
====================================================================
  PIPELINE EVALUATION [FULL]  —  device=auto
====================================================================

[1/6] Building infrastructure...
  Graph: 28 nodes  |  16 MACs, 8 SRAMs, 4 Routers

[2/6] Loading dataset (40000 samples)...
  40000 samples loaded (12.8s)

[3/6] Training predictor (up to 100 epochs, patience=15)...
Early stopping at epoch 39
  R² = 0.9976  |  MAE = 0.0028  |  RMSE = 0.0043
  Intermediate results saved after step 3 to /home/satyam_singh/adaptive-aging-aware-DNN/eval_results.json

[4/6] Training trajectory predictor (up to 120 epochs, patience=20)...
Early stopping at epoch 64
  R² = 0.8663  |  MAE = 0.0396  |  RMSE = 0.0525
  Intermediate results saved after step 4 to /home/satyam_singh/adaptive-aging-aware-DNN/eval_results.json

[5/6] NSGA-II optimization (pop=20, gen=20)...
  ResNet-50             20 sols  peak 0.1709->0.1720  (-0.6%)  cache=0h  conv@10gen
  BERT-Base             19 sols  peak 0.1790->0.1805  (-0.9%)  cache=1h  conv@10gen
  MobileNetV2           20 sols  peak 0.1839->0.1838  (+0.1%)  cache=0h  conv@11gen
  EfficientNet-B4       20 sols  peak 0.1631->0.1602  (+1.8%)  cache=0h  conv@10gen
  ViT-B/16              20 sols  peak 0.1709->0.1721  (-0.7%)  cache=0h  conv@10gen
  Intermediate results saved to /home/satyam_singh/adaptive-aging-aware-DNN/eval_results.json

[6/6] PPO training (40 iterations, 64 steps/iter)...
[PPO] Iteration 1/40 | reward=1.0381 | ploss=-0.0407 | vloss=1.1586 | kl=0.0054 | lr=2.93e-04 | ent_c=0.0100
[PPO] Iteration 2/40 | reward=0.6246 | ploss=-0.0186 | vloss=1.6335 | kl=0.0026 | lr=2.87e-04 | ent_c=0.0098
[PPO] Iteration 3/40 | reward=1.2534 | ploss=-0.0136 | vloss=0.6068 | kl=0.0019 | lr=2.80e-04 | ent_c=0.0095
[PPO] Iteration 4/40 | reward=1.4320 | ploss=-0.0186 | vloss=0.3192 | kl=0.0032 | lr=2.73e-04 | ent_c=0.0093
[PPO] Iteration 5/40 | reward=1.1957 | ploss=-0.0082 | vloss=0.4873 | kl=0.0012 | lr=2.66e-04 | ent_c=0.0091
[PPO] Iteration 6/40 | reward=1.3724 | ploss=-0.0102 | vloss=0.1646 | kl=0.0013 | lr=2.60e-04 | ent_c=0.0088
[PPO] Iteration 7/40 | reward=1.4018 | ploss=-0.0092 | vloss=0.2666 | kl=0.0010 | lr=2.53e-04 | ent_c=0.0086
[PPO] Iteration 8/40 | reward=1.2209 | ploss=-0.0102 | vloss=0.1838 | kl=0.0008 | lr=2.46e-04 | ent_c=0.0084
[PPO] Iteration 9/40 | reward=1.7152 | ploss=-0.0170 | vloss=0.0893 | kl=0.0023 | lr=2.39e-04 | ent_c=0.0082
[PPO] Iteration 10/40 | reward=1.2338 | ploss=-0.0174 | vloss=0.1813 | kl=0.0027 | lr=2.32e-04 | ent_c=0.0079
[PPO] Iteration 11/40 | reward=1.5649 | ploss=-0.0197 | vloss=0.0613 | kl=0.0041 | lr=2.26e-04 | ent_c=0.0077
[PPO] Iteration 12/40 | reward=1.2666 | ploss=-0.0141 | vloss=0.1359 | kl=0.0015 | lr=2.19e-04 | ent_c=0.0075
[PPO] Iteration 13/40 | reward=1.6450 | ploss=-0.0193 | vloss=0.0655 | kl=0.0019 | lr=2.12e-04 | ent_c=0.0072
[PPO] Iteration 14/40 | reward=1.5402 | ploss=-0.0142 | vloss=0.0738 | kl=0.0026 | lr=2.05e-04 | ent_c=0.0070
[PPO] Iteration 15/40 | reward=1.6850 | ploss=-0.0213 | vloss=0.0525 | kl=0.0035 | lr=1.99e-04 | ent_c=0.0068
[PPO] Iteration 16/40 | reward=1.3596 | ploss=-0.0116 | vloss=0.1736 | kl=0.0047 | lr=1.92e-04 | ent_c=0.0065
[PPO] Iteration 17/40 | reward=1.6694 | ploss=-0.0057 | vloss=0.0510 | kl=0.0010 | lr=1.85e-04 | ent_c=0.0063
[PPO] Iteration 18/40 | reward=1.7502 | ploss=-0.0091 | vloss=0.0758 | kl=0.0019 | lr=1.78e-04 | ent_c=0.0061
[PPO] Iteration 19/40 | reward=1.5040 | ploss=-0.0087 | vloss=0.0271 | kl=0.0020 | lr=1.72e-04 | ent_c=0.0058
[PPO] Iteration 20/40 | reward=1.7062 | ploss=-0.0029 | vloss=0.0241 | kl=0.0008 | lr=1.65e-04 | ent_c=0.0056
[PPO] Iteration 21/40 | reward=1.6884 | ploss=-0.0073 | vloss=0.0121 | kl=0.0011 | lr=1.58e-04 | ent_c=0.0054
[PPO] Iteration 22/40 | reward=1.7379 | ploss=-0.0086 | vloss=0.0066 | kl=0.0008 | lr=1.51e-04 | ent_c=0.0052
[PPO] Iteration 23/40 | reward=1.4719 | ploss=-0.0147 | vloss=0.1455 | kl=0.0033 | lr=1.45e-04 | ent_c=0.0049
[PPO] Iteration 24/40 | reward=1.5256 | ploss=-0.0102 | vloss=0.0087 | kl=0.0064 | lr=1.38e-04 | ent_c=0.0047
[PPO] Iteration 25/40 | reward=1.7599 | ploss=-0.0056 | vloss=0.0126 | kl=0.0005 | lr=1.31e-04 | ent_c=0.0045
[PPO] Iteration 26/40 | reward=1.5882 | ploss=-0.0005 | vloss=0.0102 | kl=0.0003 | lr=1.24e-04 | ent_c=0.0042
[PPO] Iteration 27/40 | reward=1.5625 | ploss=-0.0045 | vloss=0.0389 | kl=0.0002 | lr=1.18e-04 | ent_c=0.0040
[PPO] Iteration 28/40 | reward=1.4628 | ploss=-0.0090 | vloss=0.0453 | kl=0.0003 | lr=1.11e-04 | ent_c=0.0038
[PPO] Iteration 29/40 | reward=1.6573 | ploss=-0.0168 | vloss=0.0356 | kl=0.0016 | lr=1.04e-04 | ent_c=0.0035
[PPO] Iteration 30/40 | reward=1.6532 | ploss=-0.0046 | vloss=0.0311 | kl=0.0011 | lr=9.75e-05 | ent_c=0.0033
[PPO] Iteration 31/40 | reward=1.7995 | ploss=-0.0085 | vloss=0.0082 | kl=0.0007 | lr=9.07e-05 | ent_c=0.0031
[PPO] Iteration 32/40 | reward=1.6705 | ploss=-0.0055 | vloss=0.0122 | kl=0.0014 | lr=8.40e-05 | ent_c=0.0028
[PPO] Iteration 33/40 | reward=1.7610 | ploss=-0.0108 | vloss=0.0299 | kl=0.0009 | lr=7.72e-05 | ent_c=0.0026
[PPO] Iteration 34/40 | reward=1.6642 | ploss=-0.0089 | vloss=0.0168 | kl=0.0005 | lr=7.05e-05 | ent_c=0.0024
[PPO] Iteration 35/40 | reward=1.8202 | ploss=-0.0099 | vloss=0.0118 | kl=0.0011 | lr=6.37e-05 | ent_c=0.0022
[PPO] Iteration 36/40 | reward=1.6859 | ploss=0.0000 | vloss=0.1051 | kl=0.0003 | lr=5.70e-05 | ent_c=0.0019
[PPO] Iteration 37/40 | reward=1.5715 | ploss=-0.0017 | vloss=0.0318 | kl=0.0001 | lr=5.02e-05 | ent_c=0.0017
[PPO] Iteration 38/40 | reward=1.8198 | ploss=-0.0066 | vloss=0.0362 | kl=0.0002 | lr=4.35e-05 | ent_c=0.0015
[PPO] Iteration 39/40 | reward=1.7728 | ploss=-0.0032 | vloss=0.0306 | kl=0.0002 | lr=3.67e-05 | ent_c=0.0012
[PPO] Iteration 40/40 | reward=1.6420 | ploss=-0.0010 | vloss=0.0352 | kl=0.0000 | lr=3.00e-05 | ent_c=0.0010

====================================================================
  RESULTS  [FULL, 40000 samples, device=auto]
====================================================================

  PREDICTOR (GNN-Transformer)
  ✓ R²                                now=   0.9976  prev=   0.9925  (↑ better is better)
  ✓ MAE                               now=   0.0028  prev=   0.0050  (↓ lower is better)
  ✓ RMSE                              now=   0.0043  prev=   0.0070  (↓ lower is better)

  TRAJECTORY PREDICTOR
  ✓ R²                                now=   0.8663  prev=   0.7800  (↑ better is better)
  ✓ MAE                               now=   0.0396  prev=   0.0720  (↓ lower is better)
  ✓ RMSE                              now=   0.0525  prev=   0.1000  (↓ lower is better)

  NSGA-II (Improved)
  Total Pareto solutions:  99  (prev: 4-10 per workload)
  Best aging reduction:    1.8%  (prev: 63%)
  Cache hits (total):      1
    ResNet-50             20 sols  -0.6%  conv@gen 10
    BERT-Base             19 sols  -0.9%  conv@gen 10
    MobileNetV2           20 sols  +0.1%  conv@gen 11
    EfficientNet-B4       20 sols  +1.8%  conv@gen 10
    ViT-B/16              20 sols  -0.7%  conv@gen 10

  PPO (Improved)
  Reward curve:  +1.0381 → +1.6420  (prev: -0.61 → +0.36)
  Best reward:   +1.8202
  Mean reward:   +1.5374
  Mean KL:       0.0017
  Entropy:       1.605 → 1.088  (annealing)

====================================================================
  PIPELINE STATUS
====================================================================
  ✓ Predictor trains & evaluates
  ✓ Trajectory trains & evaluates
  ✓ NSGA-II finds Pareto solutions
  ✓ NSGA-II cache working
  ✓ NSGA-II convergence detection
  ✓ PPO reward improves
  ✓ PPO KL early-stopping active
  ✓ PPO entropy annealing active
  ✓ PPO obs normalization active

  9/9 checks passed

  Results saved to /home/satyam_singh/adaptive-aging-aware-DNN/eval_results.json

====================================================================

